2025-01-06T19:15:00.669+04:00  INFO 18096 --- [personSpringBoot] [main] c.e.p.PersonSpringBootApplicationTests   : Starting PersonSpringBootApplicationTests using Java 20.0.1 with PID 18096 (started by VivoB in C:\Users\VivoB\IdeaProjects\personSpringBoot)
2025-01-06T19:15:00.680+04:00  INFO 18096 --- [personSpringBoot] [main] c.e.p.PersonSpringBootApplicationTests   : No active profile set, falling back to 1 default profile: "default"
2025-01-06T19:15:01.846+04:00  INFO 18096 --- [personSpringBoot] [main] .s.d.r.c.RepositoryConfigurationDelegate : Bootstrapping Spring Data JPA repositories in DEFAULT mode.
2025-01-06T19:15:01.935+04:00  INFO 18096 --- [personSpringBoot] [main] .s.d.r.c.RepositoryConfigurationDelegate : Finished Spring Data repository scanning in 77 ms. Found 1 JPA repository interface.
2025-01-06T19:15:02.670+04:00  INFO 18096 --- [personSpringBoot] [main] o.hibernate.jpa.internal.util.LogHelper  : HHH000204: Processing PersistenceUnitInfo [name: default]
2025-01-06T19:15:02.828+04:00  INFO 18096 --- [personSpringBoot] [main] org.hibernate.Version                    : HHH000412: Hibernate ORM core version 6.5.3.Final
2025-01-06T19:15:02.922+04:00  INFO 18096 --- [personSpringBoot] [main] o.h.c.internal.RegionFactoryInitiator    : HHH000026: Second-level cache disabled
2025-01-06T19:15:03.777+04:00  INFO 18096 --- [personSpringBoot] [main] o.s.o.j.p.SpringPersistenceUnitInfo      : No LoadTimeWeaver setup: ignoring JPA class transformer
2025-01-06T19:15:03.854+04:00  INFO 18096 --- [personSpringBoot] [main] com.zaxxer.hikari.HikariDataSource       : HikariPool-1 - Starting...
2025-01-06T19:15:04.781+04:00  INFO 18096 --- [personSpringBoot] [main] com.zaxxer.hikari.pool.HikariPool        : HikariPool-1 - Added connection org.postgresql.jdbc.PgConnection@26ffd2c0
2025-01-06T19:15:04.783+04:00  INFO 18096 --- [personSpringBoot] [main] com.zaxxer.hikari.HikariDataSource       : HikariPool-1 - Start completed.
2025-01-06T19:15:05.080+04:00  WARN 18096 --- [personSpringBoot] [main] org.hibernate.orm.deprecation            : HHH90000025: PostgreSQLDialect does not need to be specified explicitly using 'hibernate.dialect' (remove the property setting and it will be selected by default)
2025-01-06T19:15:06.814+04:00  INFO 18096 --- [personSpringBoot] [main] o.h.e.t.j.p.i.JtaPlatformInitiator       : HHH000489: No JTA platform available (set 'hibernate.transaction.jta.platform' to enable JTA platform integration)
2025-01-06T19:15:07.226+04:00  INFO 18096 --- [personSpringBoot] [main] j.LocalContainerEntityManagerFactoryBean : Initialized JPA EntityManagerFactory for persistence unit 'default'
2025-01-06T19:15:07.901+04:00  WARN 18096 --- [personSpringBoot] [main] JpaBaseConfiguration$JpaWebConfiguration : spring.jpa.open-in-view is enabled by default. Therefore, database queries may be performed during view rendering. Explicitly configure spring.jpa.open-in-view to disable this warning
2025-01-06T19:15:08.458+04:00  INFO 18096 --- [personSpringBoot] [main] c.e.p.PersonSpringBootApplicationTests   : Started PersonSpringBootApplicationTests in 8.237 seconds (process running for 10.328)
2025-01-06T19:15:09.739+04:00  INFO 18096 --- [personSpringBoot] [SpringApplicationShutdownHook] j.LocalContainerEntityManagerFactoryBean : Closing JPA EntityManagerFactory for persistence unit 'default'
2025-01-06T19:15:09.744+04:00  INFO 18096 --- [personSpringBoot] [SpringApplicationShutdownHook] com.zaxxer.hikari.HikariDataSource       : HikariPool-1 - Shutdown initiated...
2025-01-06T19:15:09.760+04:00  INFO 18096 --- [personSpringBoot] [SpringApplicationShutdownHook] com.zaxxer.hikari.HikariDataSource       : HikariPool-1 - Shutdown completed.
2025-01-06T19:31:49.162+04:00  INFO 8456 --- [personSpringBoot] [main] c.e.p.PersonSpringBootApplicationTests   : Starting PersonSpringBootApplicationTests using Java 20.0.1 with PID 8456 (started by VivoB in C:\Users\VivoB\IdeaProjects\personSpringBoot)
2025-01-06T19:31:49.167+04:00  INFO 8456 --- [personSpringBoot] [main] c.e.p.PersonSpringBootApplicationTests   : No active profile set, falling back to 1 default profile: "default"
2025-01-06T19:31:50.480+04:00  INFO 8456 --- [personSpringBoot] [main] .s.d.r.c.RepositoryConfigurationDelegate : Bootstrapping Spring Data JPA repositories in DEFAULT mode.
2025-01-06T19:31:50.567+04:00  INFO 8456 --- [personSpringBoot] [main] .s.d.r.c.RepositoryConfigurationDelegate : Finished Spring Data repository scanning in 73 ms. Found 1 JPA repository interface.
2025-01-06T19:31:51.420+04:00  INFO 8456 --- [personSpringBoot] [main] o.hibernate.jpa.internal.util.LogHelper  : HHH000204: Processing PersistenceUnitInfo [name: default]
2025-01-06T19:31:51.597+04:00  INFO 8456 --- [personSpringBoot] [main] org.hibernate.Version                    : HHH000412: Hibernate ORM core version 6.5.3.Final
2025-01-06T19:31:51.678+04:00  INFO 8456 --- [personSpringBoot] [main] o.h.c.internal.RegionFactoryInitiator    : HHH000026: Second-level cache disabled
2025-01-06T19:31:52.414+04:00  INFO 8456 --- [personSpringBoot] [main] o.s.o.j.p.SpringPersistenceUnitInfo      : No LoadTimeWeaver setup: ignoring JPA class transformer
2025-01-06T19:31:52.465+04:00  INFO 8456 --- [personSpringBoot] [main] com.zaxxer.hikari.HikariDataSource       : HikariPool-1 - Starting...
2025-01-06T19:31:52.975+04:00  INFO 8456 --- [personSpringBoot] [main] com.zaxxer.hikari.pool.HikariPool        : HikariPool-1 - Added connection org.postgresql.jdbc.PgConnection@273dec10
2025-01-06T19:31:52.979+04:00  INFO 8456 --- [personSpringBoot] [main] com.zaxxer.hikari.HikariDataSource       : HikariPool-1 - Start completed.
2025-01-06T19:31:53.174+04:00  WARN 8456 --- [personSpringBoot] [main] org.hibernate.orm.deprecation            : HHH90000025: PostgreSQLDialect does not need to be specified explicitly using 'hibernate.dialect' (remove the property setting and it will be selected by default)
2025-01-06T19:31:54.687+04:00  INFO 8456 --- [personSpringBoot] [main] o.h.e.t.j.p.i.JtaPlatformInitiator       : HHH000489: No JTA platform available (set 'hibernate.transaction.jta.platform' to enable JTA platform integration)
2025-01-06T19:31:55.021+04:00  INFO 8456 --- [personSpringBoot] [main] j.LocalContainerEntityManagerFactoryBean : Initialized JPA EntityManagerFactory for persistence unit 'default'
2025-01-06T19:31:55.830+04:00  WARN 8456 --- [personSpringBoot] [main] JpaBaseConfiguration$JpaWebConfiguration : spring.jpa.open-in-view is enabled by default. Therefore, database queries may be performed during view rendering. Explicitly configure spring.jpa.open-in-view to disable this warning
2025-01-06T19:31:56.513+04:00  INFO 8456 --- [personSpringBoot] [main] c.e.p.PersonSpringBootApplicationTests   : Started PersonSpringBootApplicationTests in 7.845 seconds (process running for 12.567)
2025-01-06T19:31:57.880+04:00  INFO 8456 --- [personSpringBoot] [SpringApplicationShutdownHook] j.LocalContainerEntityManagerFactoryBean : Closing JPA EntityManagerFactory for persistence unit 'default'
2025-01-06T19:31:57.883+04:00  INFO 8456 --- [personSpringBoot] [SpringApplicationShutdownHook] com.zaxxer.hikari.HikariDataSource       : HikariPool-1 - Shutdown initiated...
2025-01-06T19:31:57.901+04:00  INFO 8456 --- [personSpringBoot] [SpringApplicationShutdownHook] com.zaxxer.hikari.HikariDataSource       : HikariPool-1 - Shutdown completed.
2025-01-06T20:54:16.052+04:00  INFO 24184 --- [personSpringBoot] [main] c.e.p.PersonSpringBootApplicationTests   : Starting PersonSpringBootApplicationTests using Java 20.0.1 with PID 24184 (started by VivoB in C:\Users\VivoB\IdeaProjects\personSpringBoot)
2025-01-06T20:54:16.054+04:00  INFO 24184 --- [personSpringBoot] [main] c.e.p.PersonSpringBootApplicationTests   : No active profile set, falling back to 1 default profile: "default"
2025-01-06T20:54:17.803+04:00  INFO 24184 --- [personSpringBoot] [main] .s.d.r.c.RepositoryConfigurationDelegate : Bootstrapping Spring Data JPA repositories in DEFAULT mode.
2025-01-06T20:54:17.913+04:00  INFO 24184 --- [personSpringBoot] [main] .s.d.r.c.RepositoryConfigurationDelegate : Finished Spring Data repository scanning in 88 ms. Found 1 JPA repository interface.
2025-01-06T20:54:18.963+04:00  INFO 24184 --- [personSpringBoot] [main] o.hibernate.jpa.internal.util.LogHelper  : HHH000204: Processing PersistenceUnitInfo [name: default]
2025-01-06T20:54:19.174+04:00  INFO 24184 --- [personSpringBoot] [main] org.hibernate.Version                    : HHH000412: Hibernate ORM core version 6.5.3.Final
2025-01-06T20:54:19.279+04:00  INFO 24184 --- [personSpringBoot] [main] o.h.c.internal.RegionFactoryInitiator    : HHH000026: Second-level cache disabled
2025-01-06T20:54:20.347+04:00  INFO 24184 --- [personSpringBoot] [main] o.s.o.j.p.SpringPersistenceUnitInfo      : No LoadTimeWeaver setup: ignoring JPA class transformer
2025-01-06T20:54:20.489+04:00  INFO 24184 --- [personSpringBoot] [main] com.zaxxer.hikari.HikariDataSource       : HikariPool-1 - Starting...
2025-01-06T20:54:21.337+04:00  INFO 24184 --- [personSpringBoot] [main] com.zaxxer.hikari.pool.HikariPool        : HikariPool-1 - Added connection org.postgresql.jdbc.PgConnection@65fc2639
2025-01-06T20:54:21.352+04:00  INFO 24184 --- [personSpringBoot] [main] com.zaxxer.hikari.HikariDataSource       : HikariPool-1 - Start completed.
2025-01-06T20:54:21.763+04:00  WARN 24184 --- [personSpringBoot] [main] org.hibernate.orm.deprecation            : HHH90000025: PostgreSQLDialect does not need to be specified explicitly using 'hibernate.dialect' (remove the property setting and it will be selected by default)
2025-01-06T20:54:25.706+04:00  INFO 24184 --- [personSpringBoot] [main] o.h.e.t.j.p.i.JtaPlatformInitiator       : HHH000489: No JTA platform available (set 'hibernate.transaction.jta.platform' to enable JTA platform integration)
2025-01-06T20:54:26.607+04:00  INFO 24184 --- [personSpringBoot] [main] j.LocalContainerEntityManagerFactoryBean : Initialized JPA EntityManagerFactory for persistence unit 'default'
2025-01-06T20:54:28.102+04:00  WARN 24184 --- [personSpringBoot] [main] JpaBaseConfiguration$JpaWebConfiguration : spring.jpa.open-in-view is enabled by default. Therefore, database queries may be performed during view rendering. Explicitly configure spring.jpa.open-in-view to disable this warning
2025-01-06T20:54:29.515+04:00  INFO 24184 --- [personSpringBoot] [main] c.e.p.PersonSpringBootApplicationTests   : Started PersonSpringBootApplicationTests in 14.166 seconds (process running for 17.251)
2025-01-06T20:54:32.885+04:00  INFO 24184 --- [personSpringBoot] [SpringApplicationShutdownHook] j.LocalContainerEntityManagerFactoryBean : Closing JPA EntityManagerFactory for persistence unit 'default'
2025-01-06T20:54:32.893+04:00  INFO 24184 --- [personSpringBoot] [SpringApplicationShutdownHook] com.zaxxer.hikari.HikariDataSource       : HikariPool-1 - Shutdown initiated...
2025-01-06T20:54:32.918+04:00  INFO 24184 --- [personSpringBoot] [SpringApplicationShutdownHook] com.zaxxer.hikari.HikariDataSource       : HikariPool-1 - Shutdown completed.
